Файл лога создан
2025-05-06 19:17:35,040 - INFO - === НАЧАЛО СРАВНЕНИЯ ПОДХОДОВ К ЛОКАТОРАМ ===
2025-05-06 19:17:35,041 - INFO - 
=== СРАВНЕНИЕ ЛОГОВ ДЛЯ РАЗНЫХ ТИПОВ ЛОКАТОРОВ ===

2025-05-06 19:17:35,041 - INFO - Таблица 1: Сравнение логов при успешных операциях
2025-05-06 19:17:35,041 - INFO - --------------------------------------------------------------------------------------------------------------------------------------------------------------------------------------------------------
2025-05-06 19:17:35,041 - INFO - | Элемент              | Обычные локаторы                              | Ручное описание                               | Автоописание                                  |
2025-05-06 19:17:35,041 - INFO - --------------------------------------------------------------------------------------------------------------------------------------------------------------------------------------------------------
2025-05-06 19:17:35,041 - INFO - | Форма логина         | ('id', 'login-form')                          | форма авторизации                             | форма login (ID: login-form)                  |
2025-05-06 19:17:35,041 - INFO - | Поле логина          | ('name', 'username')                          | поле ввода логина                             | поле ввода логина (name: username)            |
2025-05-06 19:17:35,041 - INFO - | Поле пароля          | ('name', 'password')                          | поле ввода пароля                             | поле ввода пароля (name: password)            |
2025-05-06 19:17:35,041 - INFO - | Кнопка входа         | ('css selector', "button[type='submit']")     | кнопка входа                                  | кнопка входа (CSS: button[type='submit'])     |
2025-05-06 19:17:35,041 - INFO - | Чекбокс              | ('id', 'remember-me')                         | чекбокс 'Запомнить меня'                      | чекбокс 'Запомнить меня' (ID: remember-me)    |
2025-05-06 19:17:35,041 - INFO - | Ссылка               | ('link text', 'Forgot password?')             | ссылка 'Забыли пароль?'                       | поле ввода пароля (text: Forgot password?)    |
2025-05-06 19:17:35,041 - INFO - --------------------------------------------------------------------------------------------------------------------------------------------------------------------------------------------------------
2025-05-06 19:17:35,041 - INFO - Таблица 2: Сравнение логов при ошибке поиска элемента
2025-05-06 19:17:35,041 - INFO - ------------------------------------------------------------------------------------------------------------------------
2025-05-06 19:17:35,041 - INFO - | Тип локаторов        | Сообщение об ошибке                                                              |
2025-05-06 19:17:35,041 - INFO - ------------------------------------------------------------------------------------------------------------------------
2025-05-06 19:17:35,041 - INFO - | Обычные              | Не удалось найти элемент: ('id', 'non-existent-id')                              |
2025-05-06 19:17:35,041 - INFO - | С описанием          | Не удалось найти элемент: несуществующий элемент формы                           |
2025-05-06 19:17:35,041 - INFO - | С автоописанием      | Не удалось найти элемент: элемент non existent element (ID: non-existent-id)     |
2025-05-06 19:17:35,041 - INFO - ------------------------------------------------------------------------------------------------------------------------
2025-05-06 19:17:35,041 - INFO - 
=== ДЕМОНСТРАЦИЯ ЛОГОВ ПРИ ПОИСКЕ ЭЛЕМЕНТОВ ===

2025-05-06 19:17:35,041 - INFO - --- Обычные локаторы ---
2025-05-06 19:17:35,041 - INFO - Ищу элемент формы: ('id', 'login-form')
2025-05-06 19:17:35,041 - INFO - Ищу поле логина: ('name', 'username')
2025-05-06 19:17:35,041 - INFO - Ищу поле пароля: ('name', 'password')
2025-05-06 19:17:35,041 - INFO - Ищу кнопку входа: ('css selector', "button[type='submit']")
2025-05-06 19:17:35,041 - INFO - Ищу чекбокс: ('id', 'remember-me')
2025-05-06 19:17:35,041 - INFO - Ищу ссылку: ('link text', 'Forgot password?')
2025-05-06 19:17:35,041 - INFO - Ищу несуществующий элемент: ('id', 'non-existent-id')
2025-05-06 19:17:35,042 - ERROR - Ошибка при поиске элемента: Не удалось найти элемент: ('id', 'non-existent-id')
2025-05-06 19:17:35,042 - INFO - 
--- Локаторы с ручным описанием ---
2025-05-06 19:17:35,042 - INFO - Ищу форма авторизации
2025-05-06 19:17:35,042 - INFO - Ищу поле ввода логина
2025-05-06 19:17:35,042 - INFO - Ищу поле ввода пароля
2025-05-06 19:17:35,042 - INFO - Ищу кнопка входа
2025-05-06 19:17:35,042 - INFO - Ищу чекбокс 'Запомнить меня'
2025-05-06 19:17:35,042 - INFO - Ищу ссылка 'Забыли пароль?'
2025-05-06 19:17:35,042 - INFO - Ищу несуществующий элемент формы
2025-05-06 19:17:35,042 - ERROR - Ошибка при поиске элемента: Не удалось найти элемент: несуществующий элемент формы
2025-05-06 19:17:35,042 - INFO - 
--- Локаторы с автоматическим описанием ---
2025-05-06 19:17:35,042 - INFO - Ищу форма login (ID: login-form)
2025-05-06 19:17:35,042 - INFO - Ищу поле ввода логина (name: username)
2025-05-06 19:17:35,042 - INFO - Ищу поле ввода пароля (name: password)
2025-05-06 19:17:35,042 - INFO - Ищу кнопка входа (CSS: button[type='submit'])
2025-05-06 19:17:35,042 - INFO - Ищу чекбокс 'Запомнить меня' (ID: remember-me)
2025-05-06 19:17:35,042 - INFO - Ищу поле ввода пароля (text: Forgot password?)
2025-05-06 19:17:35,042 - INFO - Ищу элемент non existent element (ID: non-existent-id)
2025-05-06 19:17:35,042 - ERROR - Ошибка при поиске элемента: Не удалось найти элемент: элемент non existent element (ID: non-existent-id)
2025-05-06 19:17:35,042 - INFO - 
=== ЗАВЕРШЕНИЕ СРАВНЕНИЯ ПОДХОДОВ К ЛОКАТОРАМ ===
